<?xml version="1.0" encoding="UTF-8"?>
<!-- Generated by org.testng.reporters.JUnitReportReporter -->
<testsuite hostname="DESKTOP-OVMT1C2" failures="0" tests="4" name="testcases.LoginTestMaven" time="117.331" errors="0" timestamp="2022-03-13T11:33:33 ICT" skipped="0">
  <testcase classname="testcases.LoginTestMaven" name="LoginFailureTest" time="26.770"/>
  <system-out/>
  <testcase classname="testcases.LoginTestMaven" name="ExternalDataTest" time="27.069"/>
  <system-out/>
  <testcase classname="testcases.LoginTestMaven" name="LoginSuccessTest" time="31.580"/>
  <system-out/>
  <testcase classname="testcases.LoginTestMaven" name="ParameterizedTest" time="31.912"/>
  <system-out/>
</testsuite> <!-- testcases.LoginTestMaven -->
