<?xml version="1.0" encoding="UTF-8"?>
<!-- Generated by org.testng.reporters.JUnitReportReporter -->
<testsuite hostname="DESKTOP-OVMT1C2" failures="0" tests="4" name="testcases.LoginTestMaven" time="117.723" errors="0" timestamp="2022-06-30T10:51:41 ICT" skipped="0">
  <testcase classname="testcases.LoginTestMaven" name="LoginFailureTest" time="27.186"/>
  <system-out/>
  <testcase classname="testcases.LoginTestMaven" name="ExternalDataTest" time="25.469"/>
  <system-out/>
  <testcase classname="testcases.LoginTestMaven" name="LoginSuccessTest" time="26.387"/>
  <system-out/>
  <testcase classname="testcases.LoginTestMaven" name="ParameterizedTest" time="38.681"/>
  <system-out/>
</testsuite> <!-- testcases.LoginTestMaven -->
