<?xml version="1.0" encoding="UTF-8"?>
<!-- Generated by org.testng.reporters.JUnitReportReporter -->
<testsuite hostname="LAPTOP-GNM6GJCG" failures="0" tests="4" name="testcases.LoginTestMaven" time="54.861" errors="0" timestamp="2022-07-08T11:01:21 ICT" skipped="0">
  <testcase classname="testcases.LoginTestMaven" name="LoginFailureTest" time="12.371"/>
  <system-out/>
  <testcase classname="testcases.LoginTestMaven" name="LoginSuccessTest" time="15.947"/>
  <system-out/>
  <testcase classname="testcases.LoginTestMaven" name="ExternalDataTest" time="14.362"/>
  <system-out/>
  <testcase classname="testcases.LoginTestMaven" name="ParameterizedTest" time="12.181"/>
  <system-out/>
</testsuite> <!-- testcases.LoginTestMaven -->
