<?xml version="1.0" encoding="UTF-8"?>
<!-- Generated by org.testng.reporters.JUnitReportReporter -->
<testsuite hostname="DESKTOP-OVMT1C2" failures="0" tests="2" name="testcases.DataProviderExample" time="0.041" errors="0" timestamp="2022-03-26T11:41:35 ICT" skipped="0">
  <testcase classname="testcases.DataProviderExample" name="PrintData" time="0.011"/>
  <system-out/>
  <testcase classname="testcases.DataProviderExample" name="PrintData" time="0.030"/>
  <system-out/>
</testsuite> <!-- testcases.DataProviderExample -->
