<?xml version="1.0" encoding="UTF-8"?>
<!-- Generated by org.testng.reporters.JUnitReportReporter -->
<testsuite skipped="0" hostname="DESKTOP-OVMT1C2" name="testcases.LoginTestMaven" tests="4" failures="0" timestamp="2022-03-19T11:12:36 ICT" time="133.129" errors="0">
  <testcase name="ExternalDataTest" time="30.753" classname="testcases.LoginTestMaven"/>
  <system-out/>
  <testcase name="ParameterizedTest" time="35.876" classname="testcases.LoginTestMaven"/>
  <system-out/>
  <testcase name="LoginFailureTest" time="29.218" classname="testcases.LoginTestMaven"/>
  <system-out/>
  <testcase name="LoginSuccessTest" time="37.282" classname="testcases.LoginTestMaven"/>
  <system-out/>
</testsuite> <!-- testcases.LoginTestMaven -->
