<?xml version="1.0" encoding="UTF-8"?>
<!-- Generated by org.testng.reporters.JUnitReportReporter -->
<testsuite hostname="LAPTOP-GNM6GJCG" failures="0" tests="4" name="testcases.LoginTestMaven" time="57.203" errors="0" timestamp="2022-07-15T13:08:50 ICT" skipped="0">
  <testcase classname="testcases.LoginTestMaven" name="ExternalDataTest" time="14.652"/>
  <system-out/>
  <testcase classname="testcases.LoginTestMaven" name="LoginFailureTest" time="12.873"/>
  <system-out/>
  <testcase classname="testcases.LoginTestMaven" name="LoginSuccessTest" time="15.232"/>
  <system-out/>
  <testcase classname="testcases.LoginTestMaven" name="ParameterizedTest" time="14.446"/>
  <system-out/>
</testsuite> <!-- testcases.LoginTestMaven -->
